
> pidev-26@0.0.0 build
> ng build

[33mΓ¥»[39m Building...
[32mΓ£ö[39m Building...
[1mInitial chunk files[22m[2m | [22m[1mNames[22m                      [2m | [22m [1mRaw size[22m[2m | [22m[1mEstimated transfer size[22m
[32mstyles-O2GRM4II.css[39m[2m | [22m[2mstyles[22m                     [2m | [22m[36m649.54 kB[39m[2m | [22m               [36m59.24 kB[39m
[32mchunk-GFYUL5NH.js[39m  [2m | [22m[2m-[22m                          [2m | [22m[36m227.67 kB[39m[2m | [22m               [36m64.94 kB[39m
[32mchunk-FBRNIQRL.js[39m  [2m | [22m[2m-[22m                          [2m | [22m [36m81.85 kB[39m[2m | [22m               [36m15.90 kB[39m
[32mchunk-MHWHLTNO.js[39m  [2m | [22m[2m-[22m                          [2m | [22m [36m81.10 kB[39m[2m | [22m               [36m20.08 kB[39m
[32mchunk-24TLRK5F.js[39m  [2m | [22m[2m-[22m                          [2m | [22m [36m70.75 kB[39m[2m | [22m               [36m20.79 kB[39m
[32mchunk-J4TVRLQY.js[39m  [2m | [22m[2m-[22m                          [2m | [22m [36m28.21 kB[39m[2m | [22m                [36m7.80 kB[39m
[32mchunk-KZL53S6I.js[39m  [2m | [22m[2m-[22m                          [2m | [22m [36m12.85 kB[39m[2m | [22m                [36m4.01 kB[39m
[32mmain-5HRBLBGT.js[39m   [2m | [22m[2mmain[22m                       [2m | [22m  [36m3.36 kB[39m[2m | [22m                [36m1.40 kB[39m

[1m [22m                  [2m | [22m[1mInitial total[22m              [2m | [22m  [1m[91m1.16 MB[39m[22m[2m | [22m              [1m194.16 kB[22m

[1mLazy chunk files[22m   [2m | [22m[1mNames[22m                      [2m | [22m [1mRaw size[22m[2m | [22m[1mEstimated transfer size[22m
[32mchunk-V5UE35JR.js[39m  [2m | [22m[2mprofile[22m                    [2m | [22m[36m211.53 kB[39m[2m | [22m               [36m38.58 kB[39m
[32mchunk-JFAQYCMK.js[39m  [2m | [22m[2m-[22m                          [2m | [22m [36m57.59 kB[39m[2m | [22m               [36m13.07 kB[39m
[32mchunk-I56PHB2I.js[39m  [2m | [22m[2m-[22m                          [2m | [22m [36m45.79 kB[39m[2m | [22m                [36m9.24 kB[39m
[32mchunk-EUIECHAA.js[39m  [2m | [22m[2mapp-layout[22m                 [2m | [22m [36m36.00 kB[39m[2m | [22m                [36m8.59 kB[39m
[32mchunk-4ZA3P5TJ.js[39m  [2m | [22m[2mhome[22m                       [2m | [22m  [36m8.48 kB[39m[2m | [22m                [36m2.53 kB[39m
[32mchunk-ADL2CMNY.js[39m  [2m | [22m[2mtest-form-component[22m        [2m | [22m  [36m7.08 kB[39m[2m | [22m                [36m2.36 kB[39m
[32mchunk-BSVCE5VF.js[39m  [2m | [22m[2mtest-take-component[22m        [2m | [22m  [36m5.87 kB[39m[2m | [22m                [36m1.85 kB[39m
[32mchunk-553PKNWW.js[39m  [2m | [22m[2mresult-view-component[22m      [2m | [22m  [36m5.12 kB[39m[2m | [22m                [36m1.65 kB[39m
[32mchunk-64O6TYXC.js[39m  [2m | [22m[2m-[22m                          [2m | [22m  [36m5.12 kB[39m[2m | [22m                [36m1.68 kB[39m
[32mchunk-B2T4E5N4.js[39m  [2m | [22m[2mpatient-test-list-component[22m[2m | [22m  [36m3.44 kB[39m[2m | [22m                [36m1.34 kB[39m
[32mchunk-NSZN32OC.js[39m  [2m | [22m[2mtest-list-component[22m        [2m | [22m  [36m3.11 kB[39m[2m | [22m                [36m1.25 kB[39m
[32mchunk-QROII2TZ.js[39m  [2m | [22m[2mrisk-list-component[22m        [2m | [22m  [36m2.59 kB[39m[2m | [22m                [36m1.10 kB[39m
[32mchunk-CJMUZCPV.js[39m  [2m | [22m[2mdashboard-page[22m             [2m | [22m  [36m1.83 kB[39m[2m | [22m              [36m743 bytes[39m
[32mchunk-7NYXSCVJ.js[39m  [2m | [22m[2m-[22m                          [2m | [22m[36m656 bytes[39m[2m | [22m              [36m656 bytes[39m
[32mchunk-5IRVLCSJ.js[39m  [2m | [22m[2m-[22m                          [2m | [22m[36m510 bytes[39m[2m | [22m              [36m510 bytes[39m
[2m...and 1 more lazy chunks files. Use "--verbose" to show all the files.[22m

Application bundle generation failed. [6.868 seconds] - 2026-02-18T15:02:31.510Z

npm : [1m[33m[33mΓû▓ 
[43;33m[[43;30mWARNING[43;33m][0m 
[1mbundle initial exceeded maximum budget. 
Budget 500.00 kB was not met by 655.32 kB with 
a total of 1.16 MB.[0m
At line:1 char:1
+ npm run build > build_output_2.log 2>&1
+ ~~~~~~~~~~~~~~~~~~~~~~~~~~~~~~~~~~~~~~~
    + CategoryInfo          : NotSpecified: ([ 
   1m[33m[33mΓ...of 1.16 MB.[0m:String) [],  
   RemoteException
    + FullyQualifiedErrorId : NativeCommandErro 
   r
 

[39m[22m
[1m[31m[31mX 
[41;31m[[41;97mERROR[41;31m][0m [1mbundle 
initial exceeded maximum budget. Budget 1.00 MB 
was not met by 155.32 kB with a total of 1.16 
MB.[0m

[39m[22m
